2025-01-23 16:09:04,558 - INFO - Starting processor daemon
2025-01-23 16:09:04,558 - INFO - Starting processor daemon
2025-01-23 16:09:04,572 - INFO - Starting processor daemon
2025-01-23 16:09:04,572 - INFO - Starting processor daemon
2025-01-23 16:09:04,672 - INFO - Starting processor daemon
2025-01-23 16:09:04,672 - INFO - Starting processor daemon
2025-01-23 16:09:04,680 - INFO - Starting processor daemon
2025-01-23 16:09:04,680 - INFO - Starting processor daemon
2025-01-23 16:09:17,565 - INFO - Processing FUE5_Trailer.mp4
2025-01-23 16:09:17,565 - INFO - Processing FUE5_Trailer.mp4
2025-01-23 16:09:17,565 - ERROR - Output file already exists: /home/jorge/Vídeos/processed/processed_FUE5_Trailer.ts
2025-01-23 16:09:17,565 - ERROR - Output file already exists: /home/jorge/Vídeos/processed/processed_FUE5_Trailer.ts
2025-01-23 16:09:17,565 - ERROR - Error in processing loop: 'retries'
2025-01-23 16:09:17,565 - ERROR - Error in processing loop: 'retries'
2025-01-23 16:21:07,198 - INFO - Stopping processor daemon
2025-01-23 16:21:07,198 - INFO - Stopping processor daemon
2025-01-23 16:21:07,217 - INFO - Stopping processor daemon
2025-01-23 16:21:07,217 - INFO - Stopping processor daemon
2025-01-23 16:21:07,237 - INFO - Stopping processor daemon
2025-01-23 16:21:07,237 - INFO - Stopping processor daemon
2025-01-23 16:21:07,255 - INFO - Stopping processor daemon
2025-01-23 16:21:07,255 - INFO - Stopping processor daemon
2025-01-23 16:21:11,320 - INFO - Starting processor daemon
2025-01-23 16:21:11,320 - INFO - Starting processor daemon
2025-01-23 16:21:11,334 - INFO - Starting processor daemon
2025-01-23 16:21:11,334 - INFO - Starting processor daemon
2025-01-23 16:21:11,417 - INFO - Starting processor daemon
2025-01-23 16:21:11,417 - INFO - Starting processor daemon
2025-01-23 16:21:11,451 - INFO - Starting processor daemon
2025-01-23 16:21:11,451 - INFO - Starting processor daemon
2025-01-23 16:21:18,325 - INFO - Processing FUE5_Trailer.mp4
2025-01-23 16:21:18,325 - INFO - Processing FUE5_Trailer.mp4
2025-01-23 16:21:18,325 - ERROR - Output file already exists: /home/jorge/Vídeos/processed/processed_FUE5_Trailer.ts
2025-01-23 16:21:18,325 - ERROR - Output file already exists: /home/jorge/Vídeos/processed/processed_FUE5_Trailer.ts
2025-01-23 16:21:18,326 - ERROR - Error in processing loop: 'error'
2025-01-23 16:21:18,326 - ERROR - Error in processing loop: 'error'
2025-01-23 16:23:50,149 - INFO - Stopping processor daemon
2025-01-23 16:23:50,149 - INFO - Stopping processor daemon
2025-01-23 16:23:50,232 - INFO - Stopping processor daemon
2025-01-23 16:23:50,232 - INFO - Stopping processor daemon
2025-01-23 16:23:50,232 - INFO - Stopping processor daemon
2025-01-23 16:23:50,232 - INFO - Stopping processor daemon
2025-01-23 16:23:50,232 - INFO - Stopping processor daemon
2025-01-23 16:23:50,232 - INFO - Stopping processor daemon
2025-01-23 16:23:55,166 - INFO - Starting processor daemon
2025-01-23 16:23:55,166 - INFO - Starting processor daemon
2025-01-23 16:23:55,179 - INFO - Starting processor daemon
2025-01-23 16:23:55,179 - INFO - Starting processor daemon
2025-01-23 16:23:55,275 - INFO - Starting processor daemon
2025-01-23 16:23:55,275 - INFO - Starting processor daemon
2025-01-23 16:23:55,283 - INFO - Starting processor daemon
2025-01-23 16:23:55,283 - INFO - Starting processor daemon
2025-01-24 08:05:36,921 - INFO - Stopping processor daemon
2025-01-24 08:05:36,921 - INFO - Stopping processor daemon
2025-01-24 08:05:36,921 - INFO - Stopping processor daemon
2025-01-24 08:05:36,921 - INFO - Stopping processor daemon
2025-01-24 08:05:36,921 - INFO - Stopping processor daemon
2025-01-24 08:05:36,921 - INFO - Stopping processor daemon
2025-01-24 08:05:36,924 - INFO - Stopping processor daemon
2025-01-24 08:05:36,924 - INFO - Stopping processor daemon
2025-01-24 08:05:46,147 - INFO - Starting processor daemon
2025-01-24 08:05:46,147 - INFO - Starting processor daemon
2025-01-24 08:05:46,216 - INFO - Starting processor daemon
2025-01-24 08:05:46,216 - INFO - Starting processor daemon
2025-01-24 08:05:46,248 - INFO - Starting processor daemon
2025-01-24 08:05:46,248 - INFO - Starting processor daemon
2025-01-24 08:05:46,250 - INFO - Starting processor daemon
2025-01-24 08:05:46,250 - INFO - Starting processor daemon
2025-01-24 09:04:05,677 - INFO - Stopping processor daemon
2025-01-24 09:04:05,677 - INFO - Stopping processor daemon
2025-01-24 09:04:05,677 - INFO - Stopping processor daemon
2025-01-24 09:04:05,677 - INFO - Stopping processor daemon
2025-01-24 09:04:05,677 - INFO - Stopping processor daemon
2025-01-24 09:04:05,677 - INFO - Stopping processor daemon
2025-01-24 09:04:05,677 - INFO - Stopping processor daemon
2025-01-24 09:04:05,677 - INFO - Stopping processor daemon
2025-01-24 09:06:28,714 - INFO - Starting processor daemon
2025-01-24 09:06:28,714 - INFO - Starting processor daemon
2025-01-24 09:06:28,717 - INFO - Starting processor daemon
2025-01-24 09:06:28,717 - INFO - Starting processor daemon
2025-01-24 09:06:28,814 - INFO - Starting processor daemon
2025-01-24 09:06:28,814 - INFO - Starting processor daemon
2025-01-24 09:06:28,822 - INFO - Starting processor daemon
2025-01-24 09:06:28,822 - INFO - Starting processor daemon
2025-01-24 09:06:42,722 - INFO - Processing FUE5_Trailer.mp4
2025-01-24 09:06:42,722 - INFO - Processing FUE5_Trailer.mp4
2025-01-24 09:06:42,723 - INFO - Started processing video: FUE5_Trailer.mp4
2025-01-24 09:06:42,723 - INFO - Started processing video: FUE5_Trailer.mp4
2025-01-24 09:07:17,930 - INFO - Successfully processed video: FUE5_Trailer.mp4
2025-01-24 09:07:17,930 - INFO - Successfully processed video: FUE5_Trailer.mp4
2025-01-25 13:00:55,370 - INFO - Processing FUE5_Trailer.mp4
2025-01-25 13:00:55,370 - INFO - Processing FUE5_Trailer.mp4
2025-01-25 13:00:55,370 - INFO - Processing FUE5_Trailer.mp4
2025-01-25 13:00:55,370 - INFO - Processing FUE5_Trailer.mp4
2025-01-25 13:00:55,370 - INFO - Started processing video: FUE5_Trailer.mp4
2025-01-25 13:00:55,370 - INFO - Started processing video: FUE5_Trailer.mp4
2025-01-25 13:00:55,370 - INFO - Started processing video: FUE5_Trailer.mp4
2025-01-25 13:00:55,370 - INFO - Started processing video: FUE5_Trailer.mp4
2025-01-25 13:01:07,492 - INFO - Processing FUE5_Trailer.mp4
2025-01-25 13:01:07,492 - INFO - Processing FUE5_Trailer.mp4
2025-01-25 13:01:07,492 - ERROR - Output file already exists: /home/jorge/Vídeos/processed/processed_FUE5_Trailer.ts
2025-01-25 13:01:07,492 - ERROR - Output file already exists: /home/jorge/Vídeos/processed/processed_FUE5_Trailer.ts
2025-01-25 13:01:07,493 - ERROR - Error in processing loop: 'error'
2025-01-25 13:01:07,493 - ERROR - Error in processing loop: 'error'
2025-01-25 13:01:58,631 - INFO - Successfully processed video: FUE5_Trailer.mp4
2025-01-25 13:01:58,631 - INFO - Successfully processed video: FUE5_Trailer.mp4
2025-01-25 13:01:58,649 - INFO - Successfully processed video: FUE5_Trailer.mp4
2025-01-25 13:01:58,649 - INFO - Successfully processed video: FUE5_Trailer.mp4
